\BOOKMARK [0][-]{label:frontpage.0}{Front page}{}% 1
\BOOKMARK [0][-]{label:titlepage_en.0}{English title page}{}% 2
\BOOKMARK [0][-]{label:titlepage_da.0}{Danish title page}{}% 3
\BOOKMARK [0][-]{chapter.1}{1 Indledning}{}% 4
\BOOKMARK [1][-]{section.1.1}{1.1 Initierende problem}{chapter.1}% 5
\BOOKMARK [0][-]{chapter.2}{2 Metodeafsnit}{}% 6
\BOOKMARK [1][-]{section.2.1}{2.1 AAU Modellen}{chapter.2}% 7
\BOOKMARK [1][-]{section.2.2}{2.2 Kvalitativ Kvantitativ}{chapter.2}% 8
\BOOKMARK [2][-]{subsection.2.2.1}{2.2.1 Interview}{section.2.2}% 9
\BOOKMARK [1][-]{section.2.3}{2.3 Dokumentanalyse}{chapter.2}% 10
\BOOKMARK [1][-]{section.2.4}{2.4 Interessentanalyse}{chapter.2}% 11
\BOOKMARK [1][-]{section.2.5}{2.5 Teknologivurdering}{chapter.2}% 12
\BOOKMARK [1][-]{section.2.6}{2.6 Kildekritik}{chapter.2}% 13
\BOOKMARK [0][-]{chapter.3}{3 Problemanalyse}{}% 14
\BOOKMARK [1][-]{section.3.1}{3.1 Interessentanelyse}{chapter.3}% 15
\BOOKMARK [2][-]{subsection.3.1.1}{3.1.1 Interessenterne}{section.3.1}% 16
\BOOKMARK [1][-]{section.3.2}{3.2 Interview}{chapter.3}% 17
\BOOKMARK [2][-]{subsection.3.2.1}{3.2.1 Interviewsp\370rgsm\345l}{section.3.2}% 18
\BOOKMARK [2][-]{subsection.3.2.2}{3.2.2 Interview med arbejdsgivere}{section.3.2}% 19
\BOOKMARK [2][-]{subsection.3.2.3}{3.2.3 Interview med ansatte}{section.3.2}% 20
\BOOKMARK [1][-]{section.3.3}{3.3 Nuv\346rende l\370sninger}{chapter.3}% 21
\BOOKMARK [1][-]{section.3.4}{3.4 Helhedsvurdering}{chapter.3}% 22
\BOOKMARK [1][-]{section.3.5}{3.5 Problemafgr\346nsning}{chapter.3}% 23
\BOOKMARK [1][-]{section.3.6}{3.6 Problemformulering}{chapter.3}% 24
\BOOKMARK [0][-]{chapter.4}{4 Probleml\370sning}{}% 25
\BOOKMARK [1][-]{section.4.1}{4.1 Kravspecifikation}{chapter.4}% 26
\BOOKMARK [1][-]{section.4.2}{4.2 Teori}{chapter.4}% 27
\BOOKMARK [1][-]{section.4.3}{4.3 Design}{chapter.4}% 28
\BOOKMARK [1][-]{section.4.4}{4.4 Test}{chapter.4}% 29
\BOOKMARK [1][-]{section.4.5}{4.5 Implementation}{chapter.4}% 30
\BOOKMARK [0][-]{chapter.5}{5 Konklusion}{}% 31
\BOOKMARK [0][-]{chapter.6}{6 Diskussion}{}% 32
\BOOKMARK [0][-]{chapter.7}{7 Refleksion}{}% 33
\BOOKMARK [0][-]{chapter.8}{8 Litteraturliste}{}% 34
\BOOKMARK [0][-]{chapter.9}{9 Bilag}{}% 35
